02:11:21 PM: INFO [logging_orquesta.py:19] ('name:', 'utils.logging_orquesta')
02:11:33 PM: INFO [logging_orquesta.py:19] ('name:', 'utils.logging_orquesta')
02:13:55 PM: INFO [logging_orquesta.py:19] ('name:', 'utils.logging_orquesta')
02:14:13 PM: INFO [logging_orquesta.py:19] ('name:', 'utils.logging_orquesta')
02:14:31 PM: INFO [logging_orquesta.py:19] ('name:', 'utils.logging_orquesta')
02:15:51 PM: INFO [logging_orquesta.py:19] ('name:', 'utils.logging_orquesta')
02:16:06 PM: INFO [logging_orquesta.py:19] ('name:', 'utils.logging_orquesta')
02:16:21 PM: INFO [logging_orquesta.py:19] ('name:', 'utils.logging_orquesta')
02:17:21 PM: INFO [logging_orquesta.py:19] ('name:', 'utils.logging_orquesta')
02:17:29 PM: INFO [logging_orquesta.py:19] ('name:', 'utils.logging_orquesta')
02:17:56 PM: INFO [logging_orquesta.py:19] ('name:', 'utils.logging_orquesta')
02:18:26 PM: INFO [logging_orquesta.py:19] ('name:', 'utils.logging_orquesta')
02:18:32 PM: INFO [logging_orquesta.py:19] ('name:', 'utils.logging_orquesta')
02:18:48 PM: INFO [logging_orquesta.py:19] ('name:', 'utils.logging_orquesta')
02:19:34 PM: INFO [logging_orquesta.py:19] ('name:', 'utils.logging_orquesta')
02:19:34 PM: DEBUG [logging_orquesta.py:15] El nombre del intrumento es guitarra1
02:19:34 PM: DEBUG [logging_orquesta.py:15] El nombre del intrumento es Guitarra_Electrica
02:19:34 PM: DEBUG [logging_orquesta.py:15] El nombre del intrumento es piano
02:19:34 PM: DEBUG [logging_orquesta.py:15] El nombre del intrumento es tambor
02:31:39 PM: INFO [logging_orquesta.py:19] ('name:', 'utils.logging_orquesta')
02:31:39 PM: DEBUG [logging_orquesta.py:15] El nombre del intrumento es guitarra1
02:31:53 PM: INFO [logging_orquesta.py:19] ('name:', 'utils.logging_orquesta')
02:31:53 PM: DEBUG [logging_orquesta.py:15] El nombre del intrumento es guitarra1
02:32:05 PM: INFO [logging_orquesta.py:19] ('name:', 'utils.logging_orquesta')
02:32:05 PM: DEBUG [logging_orquesta.py:15] El nombre del intrumento es guitarra1
02:32:31 PM: INFO [logging_orquesta.py:19] ('name:', 'utils.logging_orquesta')
02:32:45 PM: INFO [logging_orquesta.py:19] ('name:', 'utils.logging_orquesta')
02:32:45 PM: DEBUG [logging_orquesta.py:15] El nombre del intrumento es guitarra1
02:32:45 PM: ERROR [logging_orquesta.py:27] ("Exception - Ocurrió un error: 'Guitarra' object has no attribute 'tocar' , <class 'AttributeError'>",)
02:32:45 PM: DEBUG [logging_orquesta.py:15] El nombre del intrumento es Guitarra_Electrica
02:32:45 PM: ERROR [logging_orquesta.py:27] ("Exception - Ocurrió un error: 'Guitarra_Electrica' object has no attribute 'tocar' , <class 'AttributeError'>",)
02:32:45 PM: DEBUG [logging_orquesta.py:15] El nombre del intrumento es piano
02:32:45 PM: ERROR [logging_orquesta.py:27] ("Exception - Ocurrió un error: 'Piano' object has no attribute 'tocar' , <class 'AttributeError'>",)
02:32:45 PM: DEBUG [logging_orquesta.py:15] El nombre del intrumento es tambor
02:33:43 PM: INFO [logging_orquesta.py:19] ('name:', 'utils.logging_orquesta')
02:33:43 PM: DEBUG [logging_orquesta.py:15] El nombre del intrumento es guitarra1
02:33:43 PM: DEBUG [logging_orquesta.py:15] El nombre del intrumento es Guitarra_Electrica
02:33:43 PM: DEBUG [logging_orquesta.py:15] El nombre del intrumento es piano
02:33:43 PM: DEBUG [logging_orquesta.py:15] El nombre del intrumento es tambor
02:33:55 PM: INFO [logging_orquesta.py:19] ('name:', 'utils.logging_orquesta')
02:33:55 PM: DEBUG [logging_orquesta.py:15] El nombre del intrumento es guitarra1
02:33:55 PM: DEBUG [logging_orquesta.py:15] El nombre del intrumento es Guitarra_Electrica
02:33:55 PM: DEBUG [logging_orquesta.py:15] El nombre del intrumento es piano
02:33:55 PM: DEBUG [logging_orquesta.py:15] El nombre del intrumento es tambor
02:34:19 PM: INFO [logging_orquesta.py:19] ('name:', 'utils.logging_orquesta')
02:34:19 PM: DEBUG [logging_orquesta.py:15] El nombre del intrumento es guitarra1
02:34:19 PM: DEBUG [logging_orquesta.py:15] El nombre del intrumento es Guitarra_Electrica
02:34:19 PM: DEBUG [logging_orquesta.py:15] El nombre del intrumento es piano
02:34:19 PM: DEBUG [logging_orquesta.py:15] El nombre del intrumento es tambor
02:34:19 PM: INFO [logging_orquesta.py:19] ('Aporreo como un makako',)
02:34:28 PM: INFO [logging_orquesta.py:19] ('name:', 'utils.logging_orquesta')
02:34:28 PM: DEBUG [logging_orquesta.py:15] El nombre del intrumento es guitarra1
02:34:28 PM: DEBUG [logging_orquesta.py:15] El nombre del intrumento es Guitarra_Electrica
02:34:28 PM: DEBUG [logging_orquesta.py:15] El nombre del intrumento es piano
02:34:28 PM: DEBUG [logging_orquesta.py:15] El nombre del intrumento es tambor
02:34:28 PM: INFO [logging_orquesta.py:19] ('Aporreo como un makako',)
02:35:05 PM: INFO [logging_orquesta.py:19] ('name:', 'utils.logging_orquesta')
02:35:05 PM: DEBUG [logging_orquesta.py:15] El nombre del intrumento es guitarra1
02:35:05 PM: ERROR [logging_orquesta.py:27] ("Exception - Ocurrió un error: name 'instrumento' is not defined , <class 'NameError'>",)
02:35:05 PM: DEBUG [logging_orquesta.py:15] El nombre del intrumento es Guitarra_Electrica
02:35:05 PM: ERROR [logging_orquesta.py:27] ("Exception - Ocurrió un error: name 'instrumento' is not defined , <class 'NameError'>",)
02:35:05 PM: DEBUG [logging_orquesta.py:15] El nombre del intrumento es piano
02:35:05 PM: ERROR [logging_orquesta.py:27] ("Exception - Ocurrió un error: name 'instrumento' is not defined , <class 'NameError'>",)
02:35:05 PM: DEBUG [logging_orquesta.py:15] El nombre del intrumento es tambor
02:35:05 PM: INFO [logging_orquesta.py:19] ('Aporreo como un makako',)
02:36:02 PM: INFO [logging_orquesta.py:19] ('name:', 'utils.logging_orquesta')
02:36:02 PM: DEBUG [logging_orquesta.py:15] El nombre del intrumento es guitarra1
02:36:02 PM: ERROR [logging_orquesta.py:27] ("Exception - Ocurrió un error: 'list' object has no attribute 'nombre' , <class 'AttributeError'>",)
02:36:02 PM: DEBUG [logging_orquesta.py:15] El nombre del intrumento es Guitarra_Electrica
02:36:02 PM: ERROR [logging_orquesta.py:27] ("Exception - Ocurrió un error: 'list' object has no attribute 'nombre' , <class 'AttributeError'>",)
02:36:02 PM: DEBUG [logging_orquesta.py:15] El nombre del intrumento es piano
02:36:02 PM: ERROR [logging_orquesta.py:27] ("Exception - Ocurrió un error: 'list' object has no attribute 'nombre' , <class 'AttributeError'>",)
02:36:02 PM: DEBUG [logging_orquesta.py:15] El nombre del intrumento es tambor
02:36:02 PM: INFO [logging_orquesta.py:19] ('Aporreo como un makako',)
02:36:35 PM: INFO [logging_orquesta.py:19] ('name:', 'utils.logging_orquesta')
02:36:35 PM: DEBUG [logging_orquesta.py:15] El nombre del intrumento es guitarra1
02:36:35 PM: ERROR [logging_orquesta.py:27] ("Exception - Ocurrió un error: 'str' object has no attribute 'nombre' , <class 'AttributeError'>",)
02:36:35 PM: DEBUG [logging_orquesta.py:15] El nombre del intrumento es Guitarra_Electrica
02:36:35 PM: ERROR [logging_orquesta.py:27] ("Exception - Ocurrió un error: 'str' object has no attribute 'nombre' , <class 'AttributeError'>",)
02:36:35 PM: DEBUG [logging_orquesta.py:15] El nombre del intrumento es piano
02:36:35 PM: ERROR [logging_orquesta.py:27] ("Exception - Ocurrió un error: 'str' object has no attribute 'nombre' , <class 'AttributeError'>",)
02:36:35 PM: DEBUG [logging_orquesta.py:15] El nombre del intrumento es tambor
02:36:35 PM: INFO [logging_orquesta.py:19] ('Aporreo como un makako',)
02:38:24 PM: INFO [logging_orquesta.py:19] ('name:', 'utils.logging_orquesta')
02:38:24 PM: DEBUG [logging_orquesta.py:15] El nombre del intrumento es guitarra1
02:38:24 PM: ERROR [logging_orquesta.py:27] ("Exception - Ocurrió un error: Instrumento.tocar_instrumento() takes 1 positional argument but 2 were given , <class 'TypeError'>",)
02:38:24 PM: DEBUG [logging_orquesta.py:15] El nombre del intrumento es Guitarra_Electrica
02:38:24 PM: ERROR [logging_orquesta.py:27] ("Exception - Ocurrió un error: Instrumento.tocar_instrumento() takes 1 positional argument but 2 were given , <class 'TypeError'>",)
02:38:24 PM: DEBUG [logging_orquesta.py:15] El nombre del intrumento es piano
02:38:24 PM: ERROR [logging_orquesta.py:27] ("Exception - Ocurrió un error: Instrumento.tocar_instrumento() takes 1 positional argument but 2 were given , <class 'TypeError'>",)
02:38:24 PM: DEBUG [logging_orquesta.py:15] El nombre del intrumento es tambor
02:38:24 PM: INFO [logging_orquesta.py:19] ('Aporreo como un makako',)
02:38:33 PM: INFO [logging_orquesta.py:19] ('name:', 'utils.logging_orquesta')
02:38:33 PM: DEBUG [logging_orquesta.py:15] El nombre del intrumento es guitarra1
02:38:33 PM: INFO [logging_orquesta.py:19] ('Tocamos el instrumento guitarra1',)
02:38:33 PM: DEBUG [logging_orquesta.py:15] El nombre del intrumento es Guitarra_Electrica
02:38:33 PM: INFO [logging_orquesta.py:19] ('Tocamos el instrumento Guitarra_Electrica',)
02:38:33 PM: DEBUG [logging_orquesta.py:15] El nombre del intrumento es piano
02:38:33 PM: INFO [logging_orquesta.py:19] ('Tocamos el instrumento piano',)
02:38:33 PM: DEBUG [logging_orquesta.py:15] El nombre del intrumento es tambor
02:38:33 PM: INFO [logging_orquesta.py:19] ('Aporreo como un makako',)
02:40:09 PM: INFO [logging_orquesta.py:19] ('name:', 'utils.logging_orquesta')
02:40:09 PM: DEBUG [logging_orquesta.py:15] El nombre del intrumento es guitarra1
02:40:09 PM: INFO [logging_orquesta.py:19] ('Tocamos el instrumento guitarra1',)
02:40:09 PM: DEBUG [logging_orquesta.py:15] El nombre del intrumento es Guitarra_Electrica
02:40:09 PM: INFO [logging_orquesta.py:19] ('Tocamos el instrumento Guitarra_Electrica',)
02:40:09 PM: DEBUG [logging_orquesta.py:15] El nombre del intrumento es piano
02:40:09 PM: INFO [logging_orquesta.py:19] ('Tocamos el instrumento piano',)
02:40:09 PM: DEBUG [logging_orquesta.py:15] El nombre del intrumento es tambor
02:40:09 PM: INFO [logging_orquesta.py:19] ('Aporreo como un makako',)
02:40:11 PM: INFO [logging_orquesta.py:19] ('name:', 'utils.logging_orquesta')
02:40:11 PM: DEBUG [logging_orquesta.py:15] El nombre del intrumento es guitarra1
02:40:11 PM: INFO [logging_orquesta.py:19] ('Tocamos el instrumento guitarra1',)
02:40:11 PM: DEBUG [logging_orquesta.py:15] El nombre del intrumento es Guitarra_Electrica
02:40:11 PM: INFO [logging_orquesta.py:19] ('Tocamos el instrumento Guitarra_Electrica',)
02:40:11 PM: DEBUG [logging_orquesta.py:15] El nombre del intrumento es piano
02:40:11 PM: INFO [logging_orquesta.py:19] ('Tocamos el instrumento piano',)
02:40:11 PM: DEBUG [logging_orquesta.py:15] El nombre del intrumento es tambor
02:40:11 PM: INFO [logging_orquesta.py:19] ('Aporreo como un makako',)
02:40:12 PM: INFO [logging_orquesta.py:19] ('name:', 'utils.logging_orquesta')
02:40:12 PM: DEBUG [logging_orquesta.py:15] El nombre del intrumento es guitarra1
02:40:12 PM: INFO [logging_orquesta.py:19] ('Tocamos el instrumento guitarra1',)
02:40:12 PM: DEBUG [logging_orquesta.py:15] El nombre del intrumento es Guitarra_Electrica
02:40:12 PM: INFO [logging_orquesta.py:19] ('Tocamos el instrumento Guitarra_Electrica',)
02:40:12 PM: DEBUG [logging_orquesta.py:15] El nombre del intrumento es piano
02:40:12 PM: INFO [logging_orquesta.py:19] ('Tocamos el instrumento piano',)
02:40:12 PM: DEBUG [logging_orquesta.py:15] El nombre del intrumento es tambor
02:40:12 PM: INFO [logging_orquesta.py:19] ('Aporreo como un makako',)
02:40:12 PM: INFO [logging_orquesta.py:19] ('name:', 'utils.logging_orquesta')
02:40:12 PM: DEBUG [logging_orquesta.py:15] El nombre del intrumento es guitarra1
02:40:12 PM: INFO [logging_orquesta.py:19] ('Tocamos el instrumento guitarra1',)
02:40:12 PM: DEBUG [logging_orquesta.py:15] El nombre del intrumento es Guitarra_Electrica
02:40:12 PM: INFO [logging_orquesta.py:19] ('Tocamos el instrumento Guitarra_Electrica',)
02:40:12 PM: DEBUG [logging_orquesta.py:15] El nombre del intrumento es piano
02:40:12 PM: INFO [logging_orquesta.py:19] ('Tocamos el instrumento piano',)
02:40:12 PM: DEBUG [logging_orquesta.py:15] El nombre del intrumento es tambor
02:40:12 PM: INFO [logging_orquesta.py:19] ('Aporreo como un makako',)
02:40:12 PM: INFO [logging_orquesta.py:19] ('name:', 'utils.logging_orquesta')
02:40:12 PM: DEBUG [logging_orquesta.py:15] El nombre del intrumento es guitarra1
02:40:12 PM: INFO [logging_orquesta.py:19] ('Tocamos el instrumento guitarra1',)
02:40:12 PM: DEBUG [logging_orquesta.py:15] El nombre del intrumento es Guitarra_Electrica
02:40:12 PM: INFO [logging_orquesta.py:19] ('Tocamos el instrumento Guitarra_Electrica',)
02:40:12 PM: DEBUG [logging_orquesta.py:15] El nombre del intrumento es piano
02:40:12 PM: INFO [logging_orquesta.py:19] ('Tocamos el instrumento piano',)
02:40:12 PM: DEBUG [logging_orquesta.py:15] El nombre del intrumento es tambor
02:40:12 PM: INFO [logging_orquesta.py:19] ('Aporreo como un makako',)
02:41:03 PM: INFO [logging_orquesta.py:19] ('name:', 'utils.logging_orquesta')
02:41:03 PM: DEBUG [logging_orquesta.py:15] El nombre del intrumento es guitarra1
02:41:03 PM: INFO [logging_orquesta.py:19] ('Tocamos el instrumento guitarra1',)
02:41:03 PM: DEBUG [logging_orquesta.py:15] El nombre del intrumento es Guitarra_Electrica
02:41:03 PM: INFO [logging_orquesta.py:19] ('Tocamos el instrumento Guitarra_Electrica',)
02:41:03 PM: DEBUG [logging_orquesta.py:15] El nombre del intrumento es piano
02:41:03 PM: INFO [logging_orquesta.py:19] ('Tocamos el instrumento piano',)
02:41:03 PM: DEBUG [logging_orquesta.py:15] El nombre del intrumento es tambor
02:41:03 PM: INFO [logging_orquesta.py:19] ('Aporreo como un makako',)
02:41:32 PM: INFO [logging_orquesta.py:19] ('name:', 'utils.logging_orquesta')
02:41:32 PM: DEBUG [logging_orquesta.py:15] El nombre del intrumento es guitarra1
02:41:55 PM: INFO [logging_orquesta.py:19] ('Tocamos el instrumento guitarra1',)
02:41:57 PM: DEBUG [logging_orquesta.py:15] El nombre del intrumento es Guitarra_Electrica
02:41:59 PM: INFO [logging_orquesta.py:19] ('Tocamos el instrumento Guitarra_Electrica',)
02:51:51 PM: INFO [logging_orquesta.py:19] ('name:', 'utils.logging_orquesta')
02:52:29 PM: INFO [logging_orquesta.py:19] ('name:', 'utils.logging_orquesta')
02:52:29 PM: DEBUG [logging_orquesta.py:15] El nombre del intrumento es guitarra1
02:52:29 PM: ERROR [logging_orquesta.py:27] ("Exception - Ocurrió un error: 'NoneType' object is not callable , <class 'TypeError'>",)
02:52:29 PM: DEBUG [logging_orquesta.py:15] El nombre del intrumento es Guitarra_Electrica
02:52:29 PM: ERROR [logging_orquesta.py:27] ("Exception - Ocurrió un error: 'NoneType' object is not callable , <class 'TypeError'>",)
02:52:29 PM: DEBUG [logging_orquesta.py:15] El nombre del intrumento es piano
02:52:29 PM: ERROR [logging_orquesta.py:27] ("Exception - Ocurrió un error: 'NoneType' object is not callable , <class 'TypeError'>",)
02:52:29 PM: DEBUG [logging_orquesta.py:15] El nombre del intrumento es tambor
02:52:29 PM: ERROR [logging_orquesta.py:27] ("Exception - Ocurrió un error: 'NoneType' object is not callable , <class 'TypeError'>",)
02:53:14 PM: INFO [logging_orquesta.py:19] ('name:', 'utils.logging_orquesta')
02:53:14 PM: DEBUG [logging_orquesta.py:15] El nombre del intrumento es guitarra1
02:53:14 PM: ERROR [logging_orquesta.py:27] ("Exception - Ocurrió un error: 'NoneType' object is not callable , <class 'TypeError'>",)
02:53:14 PM: DEBUG [logging_orquesta.py:15] El nombre del intrumento es Guitarra_Electrica
02:53:14 PM: ERROR [logging_orquesta.py:27] ("Exception - Ocurrió un error: 'NoneType' object is not callable , <class 'TypeError'>",)
02:53:14 PM: DEBUG [logging_orquesta.py:15] El nombre del intrumento es piano
02:53:14 PM: ERROR [logging_orquesta.py:27] ("Exception - Ocurrió un error: 'NoneType' object is not callable , <class 'TypeError'>",)
02:53:14 PM: DEBUG [logging_orquesta.py:15] El nombre del intrumento es tambor
02:53:14 PM: INFO [logging_orquesta.py:19] ('Aporreo como un makako',)
02:53:27 PM: INFO [logging_orquesta.py:19] ('name:', 'utils.logging_orquesta')
02:53:27 PM: DEBUG [logging_orquesta.py:15] El nombre del intrumento es guitarra1
02:55:05 PM: INFO [logging_orquesta.py:19] ('name:', 'utils.logging_orquesta')
02:55:05 PM: DEBUG [logging_orquesta.py:15] El nombre del intrumento es guitarra1
07:57:55 AM: INFO [logging_orquesta.py:19] ('name:', 'utils.logging_orquesta')
07:57:55 AM: DEBUG [logging_orquesta.py:15] El nombre del intrumento es guitarra1
07:57:55 AM: ERROR [logging_orquesta.py:27] ("Exception - Ocurrió un error: 'NoneType' object is not callable , <class 'TypeError'>",)
07:57:55 AM: DEBUG [logging_orquesta.py:15] El nombre del intrumento es Guitarra_Electrica
07:57:55 AM: ERROR [logging_orquesta.py:27] ("Exception - Ocurrió un error: 'NoneType' object is not callable , <class 'TypeError'>",)
07:57:55 AM: DEBUG [logging_orquesta.py:15] El nombre del intrumento es piano
07:57:55 AM: ERROR [logging_orquesta.py:27] ("Exception - Ocurrió un error: 'NoneType' object is not callable , <class 'TypeError'>",)
07:57:55 AM: DEBUG [logging_orquesta.py:15] El nombre del intrumento es tambor
07:57:55 AM: INFO [logging_orquesta.py:19] ('Aporreo como un makako',)
07:58:08 AM: INFO [logging_orquesta.py:19] ('name:', 'utils.logging_orquesta')
07:58:08 AM: DEBUG [logging_orquesta.py:15] El nombre del intrumento es guitarra1
08:11:45 AM: INFO [logging_orquesta.py:19] ('name:', 'utils.logging_orquesta')
08:11:45 AM: DEBUG [logging_orquesta.py:15] El nombre del intrumento es guitarra1
08:11:45 AM: ERROR [logging_orquesta.py:27] ("Exception - Ocurrió un error: 'NoneType' object is not callable , <class 'TypeError'>",)
08:11:45 AM: DEBUG [logging_orquesta.py:15] El nombre del intrumento es Guitarra_Electrica
08:11:45 AM: ERROR [logging_orquesta.py:27] ("Exception - Ocurrió un error: 'NoneType' object is not callable , <class 'TypeError'>",)
08:11:45 AM: DEBUG [logging_orquesta.py:15] El nombre del intrumento es piano
08:11:45 AM: ERROR [logging_orquesta.py:27] ("Exception - Ocurrió un error: 'NoneType' object is not callable , <class 'TypeError'>",)
08:11:45 AM: DEBUG [logging_orquesta.py:15] El nombre del intrumento es tambor
08:11:45 AM: ERROR [logging_orquesta.py:27] ("Exception - Ocurrió un error: 'NoneType' object is not callable , <class 'TypeError'>",)
08:13:24 AM: INFO [logging_orquesta.py:19] ('name:', 'utils.logging_orquesta')
08:13:24 AM: DEBUG [logging_orquesta.py:15] El nombre del intrumento es guitarra1
08:13:24 AM: ERROR [logging_orquesta.py:27] ("Exception - Ocurrió un error: 'NoneType' object is not callable , <class 'TypeError'>",)
08:13:24 AM: DEBUG [logging_orquesta.py:15] El nombre del intrumento es Guitarra_Electrica
08:13:24 AM: ERROR [logging_orquesta.py:27] ("Exception - Ocurrió un error: 'NoneType' object is not callable , <class 'TypeError'>",)
08:13:24 AM: DEBUG [logging_orquesta.py:15] El nombre del intrumento es piano
08:13:24 AM: ERROR [logging_orquesta.py:27] ("Exception - Ocurrió un error: 'NoneType' object is not callable , <class 'TypeError'>",)
08:13:24 AM: DEBUG [logging_orquesta.py:15] El nombre del intrumento es tambor
08:13:24 AM: ERROR [logging_orquesta.py:27] ("Exception - Ocurrió un error: 'NoneType' object is not callable , <class 'TypeError'>",)
08:14:02 AM: INFO [logging_orquesta.py:19] ('name:', 'utils.logging_orquesta')
08:14:02 AM: DEBUG [logging_orquesta.py:15] El nombre del intrumento es guitarra1
08:14:02 AM: ERROR [logging_orquesta.py:27] ("Exception - Ocurrió un error: 'NoneType' object is not callable , <class 'TypeError'>",)
08:14:02 AM: DEBUG [logging_orquesta.py:15] El nombre del intrumento es Guitarra_Electrica
08:14:02 AM: ERROR [logging_orquesta.py:27] ("Exception - Ocurrió un error: 'NoneType' object is not callable , <class 'TypeError'>",)
08:14:02 AM: DEBUG [logging_orquesta.py:15] El nombre del intrumento es piano
08:14:02 AM: ERROR [logging_orquesta.py:27] ("Exception - Ocurrió un error: 'NoneType' object is not callable , <class 'TypeError'>",)
08:14:02 AM: DEBUG [logging_orquesta.py:15] El nombre del intrumento es tambor
08:14:02 AM: ERROR [logging_orquesta.py:27] ("Exception - Ocurrió un error: 'NoneType' object is not callable , <class 'TypeError'>",)
08:14:09 AM: INFO [logging_orquesta.py:19] ('name:', 'utils.logging_orquesta')
08:14:09 AM: DEBUG [logging_orquesta.py:15] El nombre del intrumento es guitarra1
08:14:09 AM: ERROR [logging_orquesta.py:27] ("Exception - Ocurrió un error: 'NoneType' object is not callable , <class 'TypeError'>",)
08:14:09 AM: DEBUG [logging_orquesta.py:15] El nombre del intrumento es Guitarra_Electrica
08:14:09 AM: ERROR [logging_orquesta.py:27] ("Exception - Ocurrió un error: 'NoneType' object is not callable , <class 'TypeError'>",)
08:14:09 AM: DEBUG [logging_orquesta.py:15] El nombre del intrumento es piano
08:14:09 AM: ERROR [logging_orquesta.py:27] ("Exception - Ocurrió un error: 'NoneType' object is not callable , <class 'TypeError'>",)
08:14:09 AM: DEBUG [logging_orquesta.py:15] El nombre del intrumento es tambor
08:14:09 AM: ERROR [logging_orquesta.py:27] ("Exception - Ocurrió un error: 'NoneType' object is not callable , <class 'TypeError'>",)
08:15:03 AM: INFO [logging_orquesta.py:19] ('name:', 'utils.logging_orquesta')
08:15:03 AM: DEBUG [logging_orquesta.py:15] El nombre del intrumento es guitarra1
08:15:03 AM: ERROR [logging_orquesta.py:27] ("Exception - Ocurrió un error: 'NoneType' object is not callable , <class 'TypeError'>",)
08:15:03 AM: DEBUG [logging_orquesta.py:15] El nombre del intrumento es Guitarra_Electrica
08:15:03 AM: ERROR [logging_orquesta.py:27] ("Exception - Ocurrió un error: 'NoneType' object is not callable , <class 'TypeError'>",)
08:15:03 AM: DEBUG [logging_orquesta.py:15] El nombre del intrumento es piano
08:15:03 AM: ERROR [logging_orquesta.py:27] ("Exception - Ocurrió un error: 'NoneType' object is not callable , <class 'TypeError'>",)
08:15:03 AM: DEBUG [logging_orquesta.py:15] El nombre del intrumento es tambor
08:15:03 AM: ERROR [logging_orquesta.py:27] ("Exception - Ocurrió un error: 'NoneType' object is not callable , <class 'TypeError'>",)
08:15:26 AM: INFO [logging_orquesta.py:19] ('name:', 'utils.logging_orquesta')
08:15:26 AM: DEBUG [logging_orquesta.py:15] El nombre del intrumento es guitarra1
08:16:33 AM: INFO [logging_orquesta.py:19] ('name:', 'utils.logging_orquesta')
08:16:33 AM: DEBUG [logging_orquesta.py:15] El nombre del intrumento es guitarra1
08:16:44 AM: INFO [logging_orquesta.py:19] ('name:', 'utils.logging_orquesta')
08:16:44 AM: DEBUG [logging_orquesta.py:15] El nombre del intrumento es guitarra1
08:17:48 AM: INFO [logging_orquesta.py:19] ('name:', 'utils.logging_orquesta')
08:17:48 AM: DEBUG [logging_orquesta.py:15] El nombre del intrumento es guitarra1
08:17:48 AM: ERROR [logging_orquesta.py:27] ("Exception - Ocurrió un error: 'NoneType' object is not callable , <class 'TypeError'>",)
08:17:48 AM: DEBUG [logging_orquesta.py:15] El nombre del intrumento es Guitarra_Electrica
08:17:48 AM: ERROR [logging_orquesta.py:27] ("Exception - Ocurrió un error: 'NoneType' object is not callable , <class 'TypeError'>",)
08:17:48 AM: DEBUG [logging_orquesta.py:15] El nombre del intrumento es piano
08:17:48 AM: ERROR [logging_orquesta.py:27] ("Exception - Ocurrió un error: 'NoneType' object is not callable , <class 'TypeError'>",)
08:17:48 AM: DEBUG [logging_orquesta.py:15] El nombre del intrumento es tambor
08:17:48 AM: ERROR [logging_orquesta.py:27] ("Exception - Ocurrió un error: 'NoneType' object is not callable , <class 'TypeError'>",)
08:18:24 AM: INFO [logging_orquesta.py:19] ('name:', 'utils.logging_orquesta')
08:18:24 AM: DEBUG [logging_orquesta.py:15] El nombre del intrumento es guitarra1
08:18:24 AM: ERROR [logging_orquesta.py:27] ("Exception - Ocurrió un error: 'NoneType' object is not callable , <class 'TypeError'>",)
08:18:24 AM: DEBUG [logging_orquesta.py:15] El nombre del intrumento es Guitarra_Electrica
08:18:24 AM: ERROR [logging_orquesta.py:27] ("Exception - Ocurrió un error: 'NoneType' object is not callable , <class 'TypeError'>",)
08:18:24 AM: DEBUG [logging_orquesta.py:15] El nombre del intrumento es piano
08:18:24 AM: ERROR [logging_orquesta.py:27] ("Exception - Ocurrió un error: 'NoneType' object is not callable , <class 'TypeError'>",)
08:18:24 AM: DEBUG [logging_orquesta.py:15] El nombre del intrumento es tambor
08:18:24 AM: ERROR [logging_orquesta.py:27] ("Exception - Ocurrió un error: 'NoneType' object is not callable , <class 'TypeError'>",)
08:19:08 AM: INFO [logging_orquesta.py:19] ('name:', 'utils.logging_orquesta')
08:19:08 AM: DEBUG [logging_orquesta.py:15] El nombre del intrumento es guitarra1
08:19:08 AM: ERROR [logging_orquesta.py:27] ("Exception - Ocurrió un error: 'NoneType' object is not callable , <class 'TypeError'>",)
08:19:08 AM: DEBUG [logging_orquesta.py:15] El nombre del intrumento es Guitarra_Electrica
08:19:08 AM: ERROR [logging_orquesta.py:27] ("Exception - Ocurrió un error: 'NoneType' object is not callable , <class 'TypeError'>",)
08:19:08 AM: DEBUG [logging_orquesta.py:15] El nombre del intrumento es piano
08:19:08 AM: ERROR [logging_orquesta.py:27] ("Exception - Ocurrió un error: 'NoneType' object is not callable , <class 'TypeError'>",)
08:19:08 AM: DEBUG [logging_orquesta.py:15] El nombre del intrumento es tambor
08:19:08 AM: INFO [logging_orquesta.py:19] ('Aporreo como un makako',)
08:20:51 AM: INFO [logging_orquesta.py:19] ('name:', 'utils.logging_orquesta')
08:20:51 AM: DEBUG [logging_orquesta.py:15] El nombre del intrumento es guitarra1
08:21:15 AM: INFO [logging_orquesta.py:19] ('name:', 'utils.logging_orquesta')
08:21:15 AM: DEBUG [logging_orquesta.py:15] El nombre del intrumento es guitarra1
08:21:15 AM: INFO [logging_orquesta.py:19] ('Tocamos el instrumento guitarra1',)
08:21:15 AM: DEBUG [logging_orquesta.py:15] El nombre del intrumento es Guitarra_Electrica
08:21:15 AM: INFO [logging_orquesta.py:19] ('Tocamos el instrumento Guitarra_Electrica',)
08:21:15 AM: DEBUG [logging_orquesta.py:15] El nombre del intrumento es piano
08:21:15 AM: INFO [logging_orquesta.py:19] ('Tocamos el instrumento piano',)
08:21:15 AM: DEBUG [logging_orquesta.py:15] El nombre del intrumento es tambor
08:21:15 AM: INFO [logging_orquesta.py:19] ('Aporreo como un makako',)
08:22:39 AM: INFO [logging_orquesta.py:19] ('name:', 'utils.logging_orquesta')
08:22:39 AM: DEBUG [logging_orquesta.py:15] El nombre del intrumento es guitarra1
08:22:39 AM: ERROR [logging_orquesta.py:27] ("Exception - Ocurrió un error: 'NoneType' object is not callable , <class 'TypeError'>",)
08:22:39 AM: DEBUG [logging_orquesta.py:15] El nombre del intrumento es Guitarra_Electrica
08:22:39 AM: ERROR [logging_orquesta.py:27] ("Exception - Ocurrió un error: 'NoneType' object is not callable , <class 'TypeError'>",)
08:22:39 AM: DEBUG [logging_orquesta.py:15] El nombre del intrumento es piano
08:22:39 AM: ERROR [logging_orquesta.py:27] ("Exception - Ocurrió un error: 'NoneType' object is not callable , <class 'TypeError'>",)
08:22:39 AM: DEBUG [logging_orquesta.py:15] El nombre del intrumento es tambor
08:22:39 AM: ERROR [logging_orquesta.py:27] ("Exception - Ocurrió un error: 'NoneType' object is not callable , <class 'TypeError'>",)
08:24:08 AM: INFO [logging_orquesta.py:19] ('name:', 'utils.logging_orquesta')
08:24:08 AM: DEBUG [logging_orquesta.py:15] El nombre del intrumento es guitarra1
08:24:51 AM: INFO [logging_orquesta.py:19] ('name:', 'utils.logging_orquesta')
08:24:51 AM: DEBUG [logging_orquesta.py:15] El nombre del intrumento es guitarra1
08:25:14 AM: INFO [logging_orquesta.py:19] ('Tocamos el instrumento guitarra1',)
08:25:18 AM: DEBUG [logging_orquesta.py:15] El nombre del intrumento es Guitarra_Electrica
08:25:52 AM: INFO [logging_orquesta.py:19] ('name:', 'utils.logging_orquesta')
08:25:52 AM: DEBUG [logging_orquesta.py:15] El nombre del intrumento es guitarra1
08:26:01 AM: DEBUG [logging_orquesta.py:15] No afinado
08:26:12 AM: ERROR [logging_orquesta.py:27] ("Exception - Ocurrió un error: name 'No_Afinado_Exception' is not defined , <class 'NameError'>",)
08:26:15 AM: DEBUG [logging_orquesta.py:15] El nombre del intrumento es Guitarra_Electrica
08:26:47 AM: DEBUG [logging_orquesta.py:15] No afinado
08:26:49 AM: ERROR [logging_orquesta.py:27] ("Exception - Ocurrió un error: name 'No_Afinado_Exception' is not defined , <class 'NameError'>",)
08:26:51 AM: DEBUG [logging_orquesta.py:15] El nombre del intrumento es piano
08:27:04 AM: DEBUG [logging_orquesta.py:15] No afinado
08:28:13 AM: INFO [logging_orquesta.py:19] ('name:', 'utils.logging_orquesta')
08:28:13 AM: DEBUG [logging_orquesta.py:15] El nombre del intrumento es guitarra1
08:28:29 AM: DEBUG [logging_orquesta.py:15] No afinado
08:29:15 AM: INFO [logging_orquesta.py:19] ('name:', 'utils.logging_orquesta')
08:29:15 AM: DEBUG [logging_orquesta.py:15] El nombre del intrumento es guitarra1
08:29:22 AM: DEBUG [logging_orquesta.py:15] No afinado
08:29:29 AM: ERROR [logging_orquesta.py:27] ("Exception - Ocurrió un error: name 'No_Afinado_Exception' is not defined , <class 'NameError'>",)
08:29:31 AM: DEBUG [logging_orquesta.py:15] El nombre del intrumento es Guitarra_Electrica
08:32:06 AM: INFO [logging_orquesta.py:19] ('name:', 'utils.logging_orquesta')
08:45:12 AM: INFO [logging_orquesta.py:19] ('name:', 'utils.logging_orquesta')
